2014-05-29 23:26:50,828 - [INFO] - from play in pool-4-thread-3 
Listening for HTTP on /0:0:0:0:0:0:0:0:9000

2014-05-29 23:27:05,670 - [INFO] - from play in play-internal-execution-context-1 
datasource [jdbc:h2:mem:play] bound to JNDI as DefaultDS

2014-05-29 23:27:05,671 - [DEBUG] - from com.jolbox.bonecp.BoneCPDataSource in play-internal-execution-context-1 
JDBC URL = jdbc:h2:mem:play;DB_CLOSE_DELAY=-1, Username = null, partitions = 1, max (per partition) = 30, min (per partition) = 5, idle max age = 10 min, idle test period = 1 min, strategy = DEFAULT

2014-05-29 23:27:05,721 - [WARN] - from com.jolbox.bonecp.BoneCPConfig in play-internal-execution-context-1 
JDBC username was not set in config!

2014-05-29 23:27:05,721 - [WARN] - from com.jolbox.bonecp.BoneCPConfig in play-internal-execution-context-1 
JDBC password was not set in config!

2014-05-29 23:27:06,073 - [INFO] - from play in play-internal-execution-context-1 
database [default] connected at jdbc:h2:mem:play

2014-05-29 23:27:06,179 - [DEBUG] - from com.jolbox.bonecp.StatementHandle in play-internal-execution-context-1 
select id, hash, apply_script, revert_script, state, last_problem from play_evolutions where state like 'applying_%'

2014-05-29 23:27:06,201 - [DEBUG] - from com.jolbox.bonecp.StatementHandle in play-internal-execution-context-1 

              create table play_evolutions (
                  id int not null primary key, hash varchar(255) not null,
                  applied_at timestamp not null,
                  apply_script text,
                  revert_script text,
                  state varchar(255),
                  last_problem text
              )
          

2014-05-29 23:27:06,202 - [DEBUG] - from com.jolbox.bonecp.StatementHandle in play-internal-execution-context-1 

            select id, hash, apply_script, revert_script from play_evolutions order by id
        

2014-05-29 23:27:06,223 - [ERROR] - from application in New I/O worker #1 


! @6icd570id - Internal server error, for (GET) [/] ->

play.api.db.evolutions.InvalidDatabaseRevision: Database 'default' needs evolution![An SQL script need to be run on your database.]
	at play.api.db.evolutions.EvolutionsPlugin$$anonfun$onStart$1$$anonfun$apply$1.apply$mcV$sp(Evolutions.scala:486) ~[play-jdbc_2.10.jar:2.2.3]
	at play.api.db.evolutions.EvolutionsPlugin.withLock(Evolutions.scala:507) ~[play-jdbc_2.10.jar:2.2.3]
	at play.api.db.evolutions.EvolutionsPlugin$$anonfun$onStart$1.apply(Evolutions.scala:461) ~[play-jdbc_2.10.jar:2.2.3]
	at play.api.db.evolutions.EvolutionsPlugin$$anonfun$onStart$1.apply(Evolutions.scala:459) ~[play-jdbc_2.10.jar:2.2.3]
	at scala.collection.immutable.List.foreach(List.scala:318) ~[scala-library.jar:na]
	at play.api.db.evolutions.EvolutionsPlugin.onStart(Evolutions.scala:459) ~[play-jdbc_2.10.jar:2.2.3]
	at play.api.Play$$anonfun$start$1$$anonfun$apply$mcV$sp$1.apply(Play.scala:88) ~[play_2.10.jar:2.2.3]
	at play.api.Play$$anonfun$start$1$$anonfun$apply$mcV$sp$1.apply(Play.scala:88) ~[play_2.10.jar:2.2.3]
	at scala.collection.immutable.List.foreach(List.scala:318) ~[scala-library.jar:na]
	at play.api.Play$$anonfun$start$1.apply$mcV$sp(Play.scala:88) ~[play_2.10.jar:2.2.3]
	at play.api.Play$$anonfun$start$1.apply(Play.scala:88) ~[play_2.10.jar:2.2.3]
	at play.api.Play$$anonfun$start$1.apply(Play.scala:88) ~[play_2.10.jar:2.2.3]
	at play.utils.Threads$.withContextClassLoader(Threads.scala:18) ~[play_2.10.jar:2.2.3]
	at play.api.Play$.start(Play.scala:87) ~[play_2.10.jar:2.2.3]
	at play.core.ReloadableApplication$$anonfun$get$1$$anonfun$apply$1$$anonfun$1.apply(ApplicationProvider.scala:139) ~[play_2.10.jar:2.2.3]
	at play.core.ReloadableApplication$$anonfun$get$1$$anonfun$apply$1$$anonfun$1.apply(ApplicationProvider.scala:112) ~[play_2.10.jar:2.2.3]
	at scala.Option.map(Option.scala:145) ~[scala-library.jar:na]
	at play.core.ReloadableApplication$$anonfun$get$1$$anonfun$apply$1.apply(ApplicationProvider.scala:112) ~[play_2.10.jar:2.2.3]
	at play.core.ReloadableApplication$$anonfun$get$1$$anonfun$apply$1.apply(ApplicationProvider.scala:110) ~[play_2.10.jar:2.2.3]
	at scala.util.Success.flatMap(Try.scala:200) ~[scala-library.jar:na]
	at play.core.ReloadableApplication$$anonfun$get$1.apply(ApplicationProvider.scala:110) ~[play_2.10.jar:2.2.3]
	at play.core.ReloadableApplication$$anonfun$get$1.apply(ApplicationProvider.scala:102) ~[play_2.10.jar:2.2.3]
	at scala.concurrent.impl.Future$PromiseCompletingRunnable.liftedTree1$1(Future.scala:24) ~[scala-library.jar:na]
	at scala.concurrent.impl.Future$PromiseCompletingRunnable.run(Future.scala:24) ~[scala-library.jar:na]
	at scala.concurrent.forkjoin.ForkJoinTask$AdaptedRunnableAction.exec(ForkJoinTask.java:1361) ~[scala-library.jar:na]
	at scala.concurrent.forkjoin.ForkJoinTask.doExec(ForkJoinTask.java:260) ~[scala-library.jar:na]
	at scala.concurrent.forkjoin.ForkJoinPool$WorkQueue.runTask(ForkJoinPool.java:1339) ~[scala-library.jar:na]
	at scala.concurrent.forkjoin.ForkJoinPool.runWorker(ForkJoinPool.java:1979) ~[scala-library.jar:na]
	at scala.concurrent.forkjoin.ForkJoinWorkerThread.run(ForkJoinWorkerThread.java:107) ~[scala-library.jar:na]

2014-05-29 23:27:10,385 - [DEBUG] - from com.jolbox.bonecp.StatementHandle in New I/O worker #1 
select id, hash, apply_script, revert_script, state, last_problem from play_evolutions where state like 'applying_%'

2014-05-29 23:27:10,388 - [DEBUG] - from com.jolbox.bonecp.StatementHandle in New I/O worker #1 

            select id, hash, apply_script, revert_script from play_evolutions order by id
        

2014-05-29 23:27:10,389 - [DEBUG] - from com.jolbox.bonecp.StatementHandle in New I/O worker #1 
select id, hash, apply_script, revert_script, state, last_problem from play_evolutions where state like 'applying_%'

2014-05-29 23:27:10,394 - [DEBUG] - from com.jolbox.bonecp.PreparedStatementHandle in New I/O worker #1 
insert into play_evolutions values(1, '25f3cddf0cd1a2d287865df39c77d2691fb77b8c', 2014-05-29, '--
-- Table structure for table `login`
--

CREATE TABLE login (
ID_prof 		bigint NOT NULL,
ProfName		varchar(45),
Password 		varchar(45),
constraint pk_login primary key (ID_prof)
);


--
-- Table structure for table `stats`
--

CREATE TABLE stats (
ID_stats 		bigint DEFAULT NULL,
Speed_slow 		bigint DEFAULT NULL,
Speed_ok 		bigint DEFAULT NULL,
Speed_fast 		bigint DEFAULT NULL,
Pause 		bigint DEFAULT NULL,
Volume_high 		bigint DEFAULT NULL,
Volume_ok 		bigint DEFAULT NULL,
Volume_low 		bigint DEFAULT NULL,
constraint pk_stats primary key (ID_stats)
);

--
-- Table structure for table `course`
--

CREATE TABLE course (
ID_prof 			bigint NOT NULL,
ID_stats 			bigint NOT NULL,
CourseName 		varchar(200) DEFAULT NULL,
SessionNumber 	varchar(200) DEFAULT NULL,
constraint pk_course primary key (CourseName)
);
alter table course add constraint fk_course_login foreign key (ID_prof) references login (ID_prof) on delete restrict on update restrict;
alter table course add constraint fk_course_stats foreign key (ID_stats) references stats (ID_stats) on delete restrict on update restrict;
create index ix_course_login on course (ID_prof);
create index ix_course_stats on course (ID_stats);
--
-- Table structure for table `question`
--

CREATE TABLE question (
ID_prof 			bigint NOT NULL,
ID_question 		bigint NOT NULL,
Question 			varchar(45) DEFAULT NULL,
CourseName 		varchar(200) DEFAULT NULL,
constraint pk_question primary key (ID_question)
);

alter table question add constraint fk_question_login foreign key (ID_prof) references login (ID_prof) on delete restrict on update restrict;
alter table question add constraint fk_question_course foreign key (CourseName) references course (CourseName) on delete restrict on update restrict;
create index ix_question_login on question (ID_prof);
create index ix_question_course on question (CourseName);

--
-- Table structure for table `answer`
--

CREATE TABLE answer (
ID_question  bigint NOT NULL,
Answer	    varchar(45),
);

alter table answer add constraint fk_answer_question foreign key (ID_question) references question (ID_question) on delete restrict on update restrict;
create index ix_answer_question on answer (ID_question);



create sequence login_seq start with 1000;
create sequence question_seq start with 1000;
create sequence answer_seq start with 1000;
create sequence course_seq start with 1000;
create sequence stats_seq start with 1000;', 'SET REFERENTIAL_INTEGRITY FALSE;

drop table if exists login;

SET REFERENTIAL_INTEGRITY TRUE;

drop sequence if exists login_seq;

SET REFERENTIAL_INTEGRITY FALSE;

drop table if exists question;

SET REFERENTIAL_INTEGRITY TRUE;

drop sequence if exists question_seq;

SET REFERENTIAL_INTEGRITY FALSE;

drop table if exists answer;

SET REFERENTIAL_INTEGRITY TRUE;

drop sequence if exists answer_seq;

SET REFERENTIAL_INTEGRITY FALSE;

drop table if exists course;

SET REFERENTIAL_INTEGRITY TRUE;

drop sequence if exists course_seq;

SET REFERENTIAL_INTEGRITY FALSE;

drop table if exists stats;

SET REFERENTIAL_INTEGRITY TRUE;

drop sequence if exists stats_seq;', 'applying_up', '')

2014-05-29 23:27:10,418 - [DEBUG] - from com.jolbox.bonecp.StatementHandle in New I/O worker #1 
--
-- Table structure for table `login`
--

CREATE TABLE login (
ID_prof 		bigint NOT NULL,
ProfName		varchar(45),
Password 		varchar(45),
constraint pk_login primary key (ID_prof)
)

2014-05-29 23:27:10,420 - [DEBUG] - from com.jolbox.bonecp.StatementHandle in New I/O worker #1 
--
-- Table structure for table `stats`
--

CREATE TABLE stats (
ID_stats 		bigint DEFAULT NULL,
Speed_slow 		bigint DEFAULT NULL,
Speed_ok 		bigint DEFAULT NULL,
Speed_fast 		bigint DEFAULT NULL,
Pause 		bigint DEFAULT NULL,
Volume_high 		bigint DEFAULT NULL,
Volume_ok 		bigint DEFAULT NULL,
Volume_low 		bigint DEFAULT NULL,
constraint pk_stats primary key (ID_stats)
)

2014-05-29 23:27:10,422 - [DEBUG] - from com.jolbox.bonecp.StatementHandle in New I/O worker #1 
--
-- Table structure for table `course`
--

CREATE TABLE course (
ID_prof 			bigint NOT NULL,
ID_stats 			bigint NOT NULL,
CourseName 		varchar(200) DEFAULT NULL,
SessionNumber 	varchar(200) DEFAULT NULL,
constraint pk_course primary key (CourseName)
)

2014-05-29 23:27:10,423 - [DEBUG] - from com.jolbox.bonecp.StatementHandle in New I/O worker #1 
alter table course add constraint fk_course_login foreign key (ID_prof) references login (ID_prof) on delete restrict on update restrict

2014-05-29 23:27:10,441 - [DEBUG] - from com.jolbox.bonecp.StatementHandle in New I/O worker #1 
alter table course add constraint fk_course_stats foreign key (ID_stats) references stats (ID_stats) on delete restrict on update restrict

2014-05-29 23:27:10,444 - [DEBUG] - from com.jolbox.bonecp.StatementHandle in New I/O worker #1 
create index ix_course_login on course (ID_prof)

2014-05-29 23:27:10,445 - [DEBUG] - from com.jolbox.bonecp.StatementHandle in New I/O worker #1 
create index ix_course_stats on course (ID_stats)

2014-05-29 23:27:10,445 - [DEBUG] - from com.jolbox.bonecp.StatementHandle in New I/O worker #1 
--
-- Table structure for table `question`
--

CREATE TABLE question (
ID_prof 			bigint NOT NULL,
ID_question 		bigint NOT NULL,
Question 			varchar(45) DEFAULT NULL,
CourseName 		varchar(200) DEFAULT NULL,
constraint pk_question primary key (ID_question)
)

2014-05-29 23:27:10,446 - [DEBUG] - from com.jolbox.bonecp.StatementHandle in New I/O worker #1 
alter table question add constraint fk_question_login foreign key (ID_prof) references login (ID_prof) on delete restrict on update restrict

2014-05-29 23:27:10,448 - [DEBUG] - from com.jolbox.bonecp.StatementHandle in New I/O worker #1 
alter table question add constraint fk_question_course foreign key (CourseName) references course (CourseName) on delete restrict on update restrict

2014-05-29 23:27:10,451 - [DEBUG] - from com.jolbox.bonecp.StatementHandle in New I/O worker #1 
create index ix_question_login on question (ID_prof)

2014-05-29 23:27:10,452 - [DEBUG] - from com.jolbox.bonecp.StatementHandle in New I/O worker #1 
create index ix_question_course on question (CourseName)

2014-05-29 23:27:10,452 - [DEBUG] - from com.jolbox.bonecp.StatementHandle in New I/O worker #1 
--
-- Table structure for table `answer`
--

CREATE TABLE answer (
ID_question  bigint NOT NULL,
Answer	    varchar(45),
)

2014-05-29 23:27:10,452 - [DEBUG] - from com.jolbox.bonecp.StatementHandle in New I/O worker #1 
alter table answer add constraint fk_answer_question foreign key (ID_question) references question (ID_question) on delete restrict on update restrict

2014-05-29 23:27:10,455 - [DEBUG] - from com.jolbox.bonecp.StatementHandle in New I/O worker #1 
create index ix_answer_question on answer (ID_question)

2014-05-29 23:27:10,455 - [DEBUG] - from com.jolbox.bonecp.StatementHandle in New I/O worker #1 
create sequence login_seq start with 1000

2014-05-29 23:27:10,456 - [DEBUG] - from com.jolbox.bonecp.StatementHandle in New I/O worker #1 
create sequence question_seq start with 1000

2014-05-29 23:27:10,456 - [DEBUG] - from com.jolbox.bonecp.StatementHandle in New I/O worker #1 
create sequence answer_seq start with 1000

2014-05-29 23:27:10,457 - [DEBUG] - from com.jolbox.bonecp.StatementHandle in New I/O worker #1 
create sequence course_seq start with 1000

2014-05-29 23:27:10,457 - [DEBUG] - from com.jolbox.bonecp.StatementHandle in New I/O worker #1 
create sequence stats_seq start with 1000

2014-05-29 23:27:10,457 - [DEBUG] - from com.jolbox.bonecp.StatementHandle in New I/O worker #1 
update play_evolutions set state = 'applied' where id = 1

2014-05-29 23:27:10,459 - [DEBUG] - from com.jolbox.bonecp.PreparedStatementHandle in New I/O worker #1 
insert into play_evolutions values(2, 'eb36ca2cf1b3aba0a895dce484af326bbfe063d4', 2014-05-29, 'Insert into login (ID_prof, ProfName, Password) values (1,'bruegge', 'test1');
Insert into login (ID_prof, ProfName, Password) values (2,'jacobson', 'test2');', 'delete from login;', 'applying_up', '')

2014-05-29 23:27:10,460 - [DEBUG] - from com.jolbox.bonecp.StatementHandle in New I/O worker #1 
Insert into login (ID_prof, ProfName, Password) values (1,'bruegge', 'test1')

2014-05-29 23:27:10,460 - [DEBUG] - from com.jolbox.bonecp.StatementHandle in New I/O worker #1 
Insert into login (ID_prof, ProfName, Password) values (2,'jacobson', 'test2')

2014-05-29 23:27:10,461 - [DEBUG] - from com.jolbox.bonecp.StatementHandle in New I/O worker #1 
update play_evolutions set state = 'applied' where id = 2

2014-05-29 23:27:10,461 - [DEBUG] - from com.jolbox.bonecp.StatementHandle in New I/O worker #1 
select id, hash, apply_script, revert_script, state, last_problem from play_evolutions where state like 'applying_%'

2014-05-29 23:27:10,818 - [INFO] - from com.jolbox.bonecp.BoneCP in play-internal-execution-context-1 
Shutting down connection pool...

2014-05-29 23:27:10,819 - [DEBUG] - from com.jolbox.bonecp.PoolWatchThread in BoneCP-pool-watch-thread 
Terminating pool watch thread

2014-05-29 23:27:11,105 - [INFO] - from com.jolbox.bonecp.BoneCP in play-internal-execution-context-1 
Connection pool has been shutdown.

2014-05-29 23:27:11,105 - [DEBUG] - from com.jolbox.bonecp.BoneCPDataSource in play-internal-execution-context-1 
Connection pool has been shut down

2014-05-29 23:27:11,266 - [INFO] - from play in play-internal-execution-context-1 
datasource [jdbc:h2:mem:play] bound to JNDI as DefaultDS

2014-05-29 23:27:11,266 - [DEBUG] - from com.jolbox.bonecp.BoneCPDataSource in play-internal-execution-context-1 
JDBC URL = jdbc:h2:mem:play;DB_CLOSE_DELAY=-1, Username = null, partitions = 1, max (per partition) = 30, min (per partition) = 5, idle max age = 10 min, idle test period = 1 min, strategy = DEFAULT

2014-05-29 23:27:11,266 - [WARN] - from com.jolbox.bonecp.BoneCPConfig in play-internal-execution-context-1 
JDBC username was not set in config!

2014-05-29 23:27:11,266 - [WARN] - from com.jolbox.bonecp.BoneCPConfig in play-internal-execution-context-1 
JDBC password was not set in config!

2014-05-29 23:27:11,268 - [INFO] - from play in play-internal-execution-context-1 
database [default] connected at jdbc:h2:mem:play

2014-05-29 23:27:11,276 - [DEBUG] - from com.jolbox.bonecp.StatementHandle in play-internal-execution-context-1 
select id, hash, apply_script, revert_script, state, last_problem from play_evolutions where state like 'applying_%'

2014-05-29 23:27:11,277 - [DEBUG] - from com.jolbox.bonecp.StatementHandle in play-internal-execution-context-1 

            select id, hash, apply_script, revert_script from play_evolutions order by id
        

2014-05-29 23:27:11,440 - [INFO] - from play in play-internal-execution-context-1 
Application started (Dev)

2014-05-29 23:27:11,785 - [DEBUG] - from com.jolbox.bonecp.StatementHandle in play-akka.actor.default-dispatcher-4 
SELECT ID_prof, ProfName, Password FROM login

2014-05-29 23:27:21,826 - [DEBUG] - from com.jolbox.bonecp.StatementHandle in play-akka.actor.default-dispatcher-5 
SELECT ID_prof, ProfName, Password FROM login

2014-05-29 23:27:41,132 - [DEBUG] - from com.jolbox.bonecp.StatementHandle in play-akka.actor.default-dispatcher-8 
SELECT ID_prof, ProfName, Password FROM login

2014-05-29 23:27:52,786 - [DEBUG] - from com.jolbox.bonecp.StatementHandle in play-akka.actor.default-dispatcher-4 
SELECT ID_prof, ProfName, Password FROM login

2014-05-29 23:27:53,606 - [DEBUG] - from com.jolbox.bonecp.StatementHandle in play-akka.actor.default-dispatcher-10 
SELECT ID_prof, ProfName, Password FROM login

